Your app is listening on port 80
Converting......
Converting......
Converting......
Converting......
Converting......
Converting......
Converting......
Converting......
Converting......
Converting......
Converting......
Converting......
Converting......
Converting......
Converting......
Converting......
Converting......
Converting......

done, thanks - 9.774s
https://anonfiles.com/H8L8V3p7pe/dhYOPzcsbGM_mp3
File Removed
https://cdn-119.anonfiles.com/H8L8V3p7pe/ad10d4d9-1605437389/dhYOPzcsbGM.mp3

done, thanks - 9.751s
https://anonfiles.com/R5k0Wap6pa/dhYOPzcsbGM_mp3
File Removed
https://cdn-125.anonfiles.com/R5k0Wap6pa/ad1626bf-1605440078/dhYOPzcsbGM.mp3
